In file included from [01m[K/home/mlemsalu/object_det_3D/objectdet_ws/src/GNSS_pose_estimation/src/gnss_pose_estimation_node.cpp:10[m[K:
[01m[K/home/mlemsalu/object_det_3D/ll2enu/WGS84toCartesian.hpp:[m[K In function â€˜[01m[Kstd::array<double, 2> wgs84::toCartesian(const std::array<double, 2>&, const std::array<double, 2>&)[m[Kâ€™:
[01m[K/home/mlemsalu/object_det_3D/ll2enu/WGS84toCartesian.hpp:52:22:[m[K [01;35m[Kwarning: [m[Kunused variable â€˜[01m[KPOLE_RADIUS[m[Kâ€™ [[01;35m[K-Wunused-variable[m[K]
   52 |     constexpr double [01;35m[KPOLE_RADIUS[m[K{EQUATOR_RADIUS * SQUARE_ROOT_ONE_MINUS_ECCENTRICITY};
      |                      [01;35m[K^~~~~~~~~~~[m[K
/usr/bin/ld: CMakeFiles/gnss_pose_estimation_node.dir/src/gnss_pose_estimation_node.cpp.o: in function `rclcpp::Publisher<visualization_msgs::msg::Marker_<std::allocator<void> >, std::allocator<void> >::Publisher(rclcpp::node_interfaces::NodeBaseInterface*, std::__cxx11::basic_string<char, std::char_traits<char>, std::allocator<char> > const&, rclcpp::QoS const&, rclcpp::PublisherOptionsWithAllocator<std::allocator<void> > const&)':
gnss_pose_estimation_node.cpp:(.text._ZN6rclcpp9PublisherIN18visualization_msgs3msg7Marker_ISaIvEEES4_EC2EPNS_15node_interfaces17NodeBaseInterfaceERKNSt7__cxx1112basic_stringIcSt11char_traitsIcESaIcEEERKNS_3QoSERKNS_29PublisherOptionsWithAllocatorIS4_EE[_ZN6rclcpp9PublisherIN18visualization_msgs3msg7Marker_ISaIvEEES4_EC5EPNS_15node_interfaces17NodeBaseInterfaceERKNSt7__cxx1112basic_stringIcSt11char_traitsIcESaIcEEERKNS_3QoSERKNS_29PublisherOptionsWithAllocatorIS4_EE]+0x129): undefined reference to `rosidl_message_type_support_t const* rosidl_typesupport_cpp::get_message_type_support_handle<visualization_msgs::msg::Marker_<std::allocator<void> > >()'
collect2: error: ld returned 1 exit status
make[2]: *** [CMakeFiles/gnss_pose_estimation_node.dir/build.make:220: gnss_pose_estimation_node] Error 1
make[1]: *** [CMakeFiles/Makefile2:78: CMakeFiles/gnss_pose_estimation_node.dir/all] Error 2
make: *** [Makefile:141: all] Error 2
