[0.013s] Invoking command in '/home/mlemsalu/object_det_3D/objectdet_ws/build/gnss_pose_estimation_node': CMAKE_PREFIX_PATH=/opt/ros/foxy /usr/bin/cmake --build /home/mlemsalu/object_det_3D/objectdet_ws/build/gnss_pose_estimation_node -- -j12 -l12
[0.061s] [35m[1mScanning dependencies of target gnss_pose_estimation_node[0m
[0.104s] [ 50%] [32mBuilding CXX object CMakeFiles/gnss_pose_estimation_node.dir/src/gnss_pose_estimation_node.cpp.o[0m
[1.665s] In file included from [01m[K/home/mlemsalu/object_det_3D/objectdet_ws/src/GNSS_pose_estimation/src/gnss_pose_estimation_node.cpp:10[m[K:
[1.665s] [01m[K/home/mlemsalu/object_det_3D/ll2enu/WGS84toCartesian.hpp:[m[K In function â€˜[01m[Kstd::array<double, 2> wgs84::toCartesian(const std::array<double, 2>&, const std::array<double, 2>&)[m[Kâ€™:
[1.665s] [01m[K/home/mlemsalu/object_det_3D/ll2enu/WGS84toCartesian.hpp:52:22:[m[K [01;35m[Kwarning: [m[Kunused variable â€˜[01m[KPOLE_RADIUS[m[Kâ€™ [[01;35m[K-Wunused-variable[m[K]
[1.665s]    52 |     constexpr double [01;35m[KPOLE_RADIUS[m[K{EQUATOR_RADIUS * SQUARE_ROOT_ONE_MINUS_ECCENTRICITY};
[1.665s]       |                      [01;35m[K^~~~~~~~~~~[m[K
[1.683s] [01m[K/home/mlemsalu/object_det_3D/objectdet_ws/src/GNSS_pose_estimation/src/gnss_pose_estimation_node.cpp:[m[K At global scope:
[1.683s] [01m[K/home/mlemsalu/object_det_3D/objectdet_ws/src/GNSS_pose_estimation/src/gnss_pose_estimation_node.cpp:103:23:[m[K [01;31m[Kerror: [m[Kâ€˜[01m[Kvisualization_msgs[m[Kâ€™ was not declared in this scope
[1.683s]   103 |     rclcpp::Publisher<[01;31m[Kvisualization_msgs[m[K::msg::Marker>::SharedPtr trajectory_publisher_;
[1.684s]       |                       [01;31m[K^~~~~~~~~~~~~~~~~~[m[K
[1.684s] [01m[K/home/mlemsalu/object_det_3D/objectdet_ws/src/GNSS_pose_estimation/src/gnss_pose_estimation_node.cpp:103:54:[m[K [01;31m[Kerror: [m[Ktemplate argument 1 is invalid
[1.684s]   103 |     rclcpp::Publisher<visualization_msgs::msg::Marker[01;31m[K>[m[K::SharedPtr trajectory_publisher_;
[1.684s]       |                                                      [01;31m[K^[m[K
[1.684s] [01m[K/home/mlemsalu/object_det_3D/objectdet_ws/src/GNSS_pose_estimation/src/gnss_pose_estimation_node.cpp:103:57:[m[K [01;31m[Kerror: [m[Kexpected â€˜[01m[K;[m[Kâ€™ at end of member declaration
[1.684s]   103 |     rclcpp::Publisher<visualization_msgs::msg::Marker>::[01;31m[KSharedPtr[m[K trajectory_publisher_;
[1.684s]       |                                                         [01;31m[K^~~~~~~~~[m[K
[1.684s]       |                                                                  [32m[K;[m[K
[1.687s] [01m[K/home/mlemsalu/object_det_3D/objectdet_ws/src/GNSS_pose_estimation/src/gnss_pose_estimation_node.cpp:103:67:[m[K [01;31m[Kerror: [m[Kâ€˜[01m[Ktrajectory_publisher_[m[Kâ€™ does not name a type
[1.687s]   103 | cpp::Publisher<visualization_msgs::msg::Marker>::SharedPtr [01;31m[Ktrajectory_publisher_[m[K;
[1.687s]       |                                                            [01;31m[K^~~~~~~~~~~~~~~~~~~~~[m[K
[1.687s] 
[1.700s] [01m[K/home/mlemsalu/object_det_3D/objectdet_ws/src/GNSS_pose_estimation/src/gnss_pose_estimation_node.cpp:[m[K In constructor â€˜[01m[KGNSSPoseEstimationNode::GNSSPoseEstimationNode()[m[Kâ€™:
[1.701s] [01m[K/home/mlemsalu/object_det_3D/objectdet_ws/src/GNSS_pose_estimation/src/gnss_pose_estimation_node.cpp:24:17:[m[K [01;31m[Kerror: [m[Kâ€˜[01m[Ktrajectory_publisher_[m[Kâ€™ was not declared in this scope
[1.701s]    24 |                 [01;31m[Ktrajectory_publisher_[m[K = this->create_publisher<visualization_msgs::msg::Marker>("/trajectory", 10);
[1.701s]       |                 [01;31m[K^~~~~~~~~~~~~~~~~~~~~[m[K
[1.704s] [01m[K/home/mlemsalu/object_det_3D/objectdet_ws/src/GNSS_pose_estimation/src/gnss_pose_estimation_node.cpp:24:64:[m[K [01;31m[Kerror: [m[Kâ€˜[01m[Kvisualization_msgs[m[Kâ€™ was not declared in this scope
[1.704s]    24 |             trajectory_publisher_ = this->create_publisher<[01;31m[Kvisualization_msgs[m[K::msg::Marker>("/trajectory", 10);
[1.704s]       |                                                            [01;31m[K^~~~~~~~~~~~~~~~~~[m[K
[1.704s] 
[1.704s] [01m[K/home/mlemsalu/object_det_3D/objectdet_ws/src/GNSS_pose_estimation/src/gnss_pose_estimation_node.cpp:24:47:[m[K [01;31m[Kerror: [m[Kparse error in template argument list
[1.704s]    24 |                 trajectory_publisher_ = this->[01;31m[Kcreate_publisher<visualization_msgs::msg::Marker>[m[K("/trajectory", 10);
[1.704s]       |                                               [01;31m[K^~~~~~~~~~~~~~~~~~~~~~~~~~~~~~~~~~~~~~~~~~~~~~~~~[m[K
[1.704s] [01m[K/home/mlemsalu/object_det_3D/objectdet_ws/src/GNSS_pose_estimation/src/gnss_pose_estimation_node.cpp:24:114:[m[K [01;31m[Kerror: [m[Kno matching function for call to â€˜[01m[KGNSSPoseEstimationNode::create_publisher<<expression error> >(const char [12], int)[m[Kâ€™
[1.705s]    24 | ublisher<visualization_msgs::msg::Marker>("/trajectory", 10[01;31m[K)[m[K;
[1.705s]       |                                                            [01;31m[K^[m[K
[1.705s] 
[1.705s] In file included from [01m[K/opt/ros/foxy/include/rclcpp/node.hpp:1224[m[K,
[1.705s]                  from [01m[K/opt/ros/foxy/include/rclcpp/executors/single_threaded_executor.hpp:28[m[K,
[1.705s]                  from [01m[K/opt/ros/foxy/include/rclcpp/executors.hpp:22[m[K,
[1.705s]                  from [01m[K/opt/ros/foxy/include/rclcpp/rclcpp.hpp:146[m[K,
[1.705s]                  from [01m[K/home/mlemsalu/object_det_3D/objectdet_ws/src/GNSS_pose_estimation/src/gnss_pose_estimation_node.cpp:1[m[K:
[1.705s] [01m[K/opt/ros/foxy/include/rclcpp/node_impl.hpp:71:1:[m[K [01;36m[Knote: [m[Kcandidate: â€˜[01m[Ktemplate<class MessageT, class AllocatorT, class PublisherT> std::shared_ptr<PublisherT> rclcpp::Node::create_publisher(const string&, const rclcpp::QoS&, const rclcpp::PublisherOptionsWithAllocator<AllocatorT>&)[m[Kâ€™
[1.705s]    71 | [01;36m[KNode[m[K::create_publisher(
[1.705s]       | [01;36m[K^~~~[m[K
[1.705s] [01m[K/opt/ros/foxy/include/rclcpp/node_impl.hpp:71:1:[m[K [01;36m[Knote: [m[K  template argument deduction/substitution failed:
[1.705s] [01m[K/home/mlemsalu/object_det_3D/objectdet_ws/src/GNSS_pose_estimation/src/gnss_pose_estimation_node.cpp:24:114:[m[K [01;31m[Kerror: [m[Ktemplate argument 1 is invalid
[1.705s]    24 | ublisher<visualization_msgs::msg::Marker>("/trajectory", 10[01;31m[K)[m[K;
[1.705s]       |                                                            [01;31m[K^[m[K
[1.705s] 
[1.720s] [01m[K/home/mlemsalu/object_det_3D/objectdet_ws/src/GNSS_pose_estimation/src/gnss_pose_estimation_node.cpp:[m[K In member function â€˜[01m[Kvoid GNSSPoseEstimationNode::publishTrajectory()[m[Kâ€™:
[1.720s] [01m[K/home/mlemsalu/object_det_3D/objectdet_ws/src/GNSS_pose_estimation/src/gnss_pose_estimation_node.cpp:72:9:[m[K [01;31m[Kerror: [m[Kâ€˜[01m[Kvisualization_msgs[m[Kâ€™ has not been declared
[1.720s]    72 |         [01;31m[Kvisualization_msgs[m[K::msg::Marker marker;
[1.720s]       |         [01;31m[K^~~~~~~~~~~~~~~~~~[m[K
[1.722s] [01m[K/home/mlemsalu/object_det_3D/objectdet_ws/src/GNSS_pose_estimation/src/gnss_pose_estimation_node.cpp:73:9:[m[K [01;31m[Kerror: [m[Kâ€˜[01m[Kmarker[m[Kâ€™ was not declared in this scope
[1.722s]    73 |         [01;31m[Kmarker[m[K.header.frame_id = "map";  // Frame where the trajectory is defined
[1.722s]       |         [01;31m[K^~~~~~[m[K
[1.722s] [01m[K/home/mlemsalu/object_det_3D/objectdet_ws/src/GNSS_pose_estimation/src/gnss_pose_estimation_node.cpp:77:23:[m[K [01;31m[Kerror: [m[Kâ€˜[01m[Kvisualization_msgs[m[Kâ€™ has not been declared
[1.722s]    77 |         marker.type = [01;31m[Kvisualization_msgs[m[K::msg::Marker::LINE_STRIP;
[1.722s]       |                       [01;31m[K^~~~~~~~~~~~~~~~~~[m[K
[1.722s] [01m[K/home/mlemsalu/object_det_3D/objectdet_ws/src/GNSS_pose_estimation/src/gnss_pose_estimation_node.cpp:78:25:[m[K [01;31m[Kerror: [m[Kâ€˜[01m[Kvisualization_msgs[m[Kâ€™ has not been declared
[1.722s]    78 |         marker.action = [01;31m[Kvisualization_msgs[m[K::msg::Marker::ADD;
[1.722s]       |                         [01;31m[K^~~~~~~~~~~~~~~~~~[m[K
[1.726s] [01m[K/home/mlemsalu/object_det_3D/objectdet_ws/src/GNSS_pose_estimation/src/gnss_pose_estimation_node.cpp:95:9:[m[K [01;31m[Kerror: [m[Kâ€˜[01m[Ktrajectory_publisher_[m[Kâ€™ was not declared in this scope
[1.726s]    95 |         [01;31m[Ktrajectory_publisher_[m[K->publish(marker);
[1.726s]       |         [01;31m[K^~~~~~~~~~~~~~~~~~~~~[m[K
[2.841s] make[2]: *** [CMakeFiles/gnss_pose_estimation_node.dir/build.make:63: CMakeFiles/gnss_pose_estimation_node.dir/src/gnss_pose_estimation_node.cpp.o] Error 1
[2.841s] make[1]: *** [CMakeFiles/Makefile2:78: CMakeFiles/gnss_pose_estimation_node.dir/all] Error 2
[2.841s] make: *** [Makefile:141: all] Error 2
[2.843s] Invoked command in '/home/mlemsalu/object_det_3D/objectdet_ws/build/gnss_pose_estimation_node' returned '2': CMAKE_PREFIX_PATH=/opt/ros/foxy /usr/bin/cmake --build /home/mlemsalu/object_det_3D/objectdet_ws/build/gnss_pose_estimation_node -- -j12 -l12
