[0.011s] Invoking command in '/home/mlemsalu/object_det_3D/objectdet_ws/build/merge_pointclouds': CMAKE_PREFIX_PATH=${CMAKE_PREFIX_PATH}:/home/mlemsalu/walker_ws/install/ros2bag_to_files:/home/mlemsalu/walker_ws/install/message_sync_python_lidar2lidar:/home/mlemsalu/walker_ws/install/message_sync_python:/home/mlemsalu/walker_ws/install/ros2bag:/opt/ros/foxy /usr/bin/cmake /home/mlemsalu/object_det_3D/objectdet_ws/src/merge_pointclouds -DCMAKE_INSTALL_PREFIX=/home/mlemsalu/object_det_3D/objectdet_ws/install/merge_pointclouds
[0.028s] -- Found ament_cmake: 0.9.12 (/opt/ros/foxy/share/ament_cmake/cmake)
[0.047s] -- Using PYTHON_EXECUTABLE: /usr/bin/python3
[0.214s] -- Found rclcpp: 2.4.3 (/opt/ros/foxy/share/rclcpp/cmake)
[0.244s] -- Using all available rosidl_typesupport_c: rosidl_typesupport_fastrtps_c;rosidl_typesupport_introspection_c
[0.247s] -- Found rosidl_adapter: 1.3.1 (/opt/ros/foxy/share/rosidl_adapter/cmake)
[0.340s] -- Using all available rosidl_typesupport_cpp: rosidl_typesupport_fastrtps_cpp;rosidl_typesupport_introspection_cpp
[0.382s] -- Found rmw_implementation_cmake: 1.0.4 (/opt/ros/foxy/share/rmw_implementation_cmake/cmake)
[0.385s] -- Using RMW implementation 'rmw_fastrtps_cpp' as default
[0.509s] -- Found custom_msgs: 0.0.0 (/home/mlemsalu/walker_ws/install/custom_msgs/share/custom_msgs/cmake)
[0.824s] -- Found tf2_ros: 0.13.14 (/opt/ros/foxy/share/tf2_ros/cmake)
[1.119s] -- Eigen found (include: /usr/include/eigen3, version: 3.3.7)
[1.134s] -- OpenNI found (include: /usr/include/ni, lib: /usr/lib/libOpenNI.so)
[1.140s] -- OpenNI2 found (include: /usr/include/openni2, lib: /usr/lib/libOpenNI2.so)
[1.140s] ** WARNING ** io features related to pcap will be disabled
[1.140s] ** WARNING ** io features related to png will be disabled
[1.187s] -- The imported target "vtkParseOGLExt" references the file
[1.188s]    "/usr/bin/vtkParseOGLExt-7.1"
[1.188s] but this file does not exist.  Possible reasons include:
[1.188s] * The file was deleted, renamed, or moved to another location.
[1.188s] * An install or uninstall procedure did not complete successfully.
[1.188s] * The installation package was faulty and contained
[1.188s]    "/usr/lib/cmake/vtk-7.1/VTKTargets.cmake"
[1.188s] but not all the files it references.
[1.188s] 
[1.188s] -- The imported target "vtkRenderingPythonTkWidgets" references the file
[1.188s]    "/usr/lib/x86_64-linux-gnu/libvtkRenderingPythonTkWidgets.so"
[1.188s] but this file does not exist.  Possible reasons include:
[1.189s] * The file was deleted, renamed, or moved to another location.
[1.189s] * An install or uninstall procedure did not complete successfully.
[1.189s] * The installation package was faulty and contained
[1.189s]    "/usr/lib/cmake/vtk-7.1/VTKTargets.cmake"
[1.189s] but not all the files it references.
[1.189s] 
[1.189s] -- The imported target "vtk" references the file
[1.189s]    "/usr/bin/vtk"
[1.189s] but this file does not exist.  Possible reasons include:
[1.189s] * The file was deleted, renamed, or moved to another location.
[1.189s] * An install or uninstall procedure did not complete successfully.
[1.189s] * The installation package was faulty and contained
[1.189s]    "/usr/lib/cmake/vtk-7.1/VTKTargets.cmake"
[1.190s] but not all the files it references.
[1.190s] 
[1.190s] -- The imported target "pvtk" references the file
[1.190s]    "/usr/bin/pvtk"
[1.190s] but this file does not exist.  Possible reasons include:
[1.190s] * The file was deleted, renamed, or moved to another location.
[1.190s] * An install or uninstall procedure did not complete successfully.
[1.190s] * The installation package was faulty and contained
[1.190s]    "/usr/lib/cmake/vtk-7.1/VTKTargets.cmake"
[1.190s] but not all the files it references.
[1.190s] 
[1.202s] ** WARNING ** io features related to libusb-1.0 will be disabled
[1.203s] -- looking for PCL_COMMON
[1.203s] -- looking for PCL_OCTREE
[1.204s] -- looking for PCL_IO
[1.205s] -- Found pcl_conversions: 2.2.1 (/opt/ros/foxy/share/pcl_conversions/cmake)
[1.351s] -- Found pcl_ros: 2.2.1 (/opt/ros/foxy/share/pcl_ros/cmake)
[1.427s] -- Found eigen3_cmake_module: 0.1.1 (/opt/ros/foxy/share/eigen3_cmake_module/cmake)
[1.685s] -- Found ament_lint_auto: 0.9.8 (/opt/ros/foxy/share/ament_lint_auto/cmake)
[1.740s] -- Added test 'copyright' to check source files copyright and LICENSE
[1.741s] -- Added test 'cppcheck' to perform static code analysis on C / C++ code
[1.741s] -- Configured cppcheck include dirs: $<BUILD_INTERFACE:/home/mlemsalu/object_det_3D/objectdet_ws/src/merge_pointclouds/include>
[1.741s] -- Configured cppcheck exclude dirs and/or files: 
[1.742s] -- Added test 'cpplint' to check C / C++ code against the Google style
[1.742s] -- Configured cpplint exclude dirs and/or files: 
[1.742s] -- Added test 'lint_cmake' to check CMake code style
[1.743s] -- Added test 'uncrustify' to check C / C++ code style
[1.743s] -- Configured uncrustify additional arguments: 
[1.743s] -- Added test 'xmllint' to check XML markup files
[1.746s] -- Configuring done
[1.786s] -- Generating done
[1.788s] -- Build files have been written to: /home/mlemsalu/object_det_3D/objectdet_ws/build/merge_pointclouds
[1.795s] Invoked command in '/home/mlemsalu/object_det_3D/objectdet_ws/build/merge_pointclouds' returned '0': CMAKE_PREFIX_PATH=${CMAKE_PREFIX_PATH}:/home/mlemsalu/walker_ws/install/ros2bag_to_files:/home/mlemsalu/walker_ws/install/message_sync_python_lidar2lidar:/home/mlemsalu/walker_ws/install/message_sync_python:/home/mlemsalu/walker_ws/install/ros2bag:/opt/ros/foxy /usr/bin/cmake /home/mlemsalu/object_det_3D/objectdet_ws/src/merge_pointclouds -DCMAKE_INSTALL_PREFIX=/home/mlemsalu/object_det_3D/objectdet_ws/install/merge_pointclouds
[1.798s] Invoking command in '/home/mlemsalu/object_det_3D/objectdet_ws/build/merge_pointclouds': CMAKE_PREFIX_PATH=${CMAKE_PREFIX_PATH}:/home/mlemsalu/walker_ws/install/ros2bag_to_files:/home/mlemsalu/walker_ws/install/message_sync_python_lidar2lidar:/home/mlemsalu/walker_ws/install/message_sync_python:/home/mlemsalu/walker_ws/install/ros2bag:/opt/ros/foxy /usr/bin/cmake --build /home/mlemsalu/object_det_3D/objectdet_ws/build/merge_pointclouds -- -j12 -l12
[1.840s] [35m[1mScanning dependencies of target merge_pointclouds_node[0m
[1.909s] [ 50%] [32mBuilding CXX object CMakeFiles/merge_pointclouds_node.dir/src/merge_pointclouds_node.cpp.o[0m
[6.160s] [01m[K/home/mlemsalu/object_det_3D/objectdet_ws/src/merge_pointclouds/src/merge_pointclouds_node.cpp:[m[K In member function â€˜[01m[Kvoid MergePcNode::pointCloud2Callback(sensor_msgs::msg::PointCloud2_<std::allocator<void> >::SharedPtr)[m[Kâ€™:
[6.160s] [01m[K/home/mlemsalu/object_det_3D/objectdet_ws/src/merge_pointclouds/src/merge_pointclouds_node.cpp:60:13:[m[K [01;31m[Kerror: [m[Kâ€˜[01m[Kpcl_ros[m[Kâ€™ has not been declared
[6.160s]    60 |             [01;31m[Kpcl_ros[m[K::transformPointCloud(*pc2_, *pc2_transformed_, transform.transform);
[6.160s]       |             [01;31m[K^~~~~~~[m[K
[9.954s] make[2]: *** [CMakeFiles/merge_pointclouds_node.dir/build.make:63: CMakeFiles/merge_pointclouds_node.dir/src/merge_pointclouds_node.cpp.o] Error 1
[9.954s] make[1]: *** [CMakeFiles/Makefile2:78: CMakeFiles/merge_pointclouds_node.dir/all] Error 2
[9.954s] make: *** [Makefile:141: all] Error 2
[9.956s] Invoked command in '/home/mlemsalu/object_det_3D/objectdet_ws/build/merge_pointclouds' returned '2': CMAKE_PREFIX_PATH=${CMAKE_PREFIX_PATH}:/home/mlemsalu/walker_ws/install/ros2bag_to_files:/home/mlemsalu/walker_ws/install/message_sync_python_lidar2lidar:/home/mlemsalu/walker_ws/install/message_sync_python:/home/mlemsalu/walker_ws/install/ros2bag:/opt/ros/foxy /usr/bin/cmake --build /home/mlemsalu/object_det_3D/objectdet_ws/build/merge_pointclouds -- -j12 -l12
