[0.013s] Invoking command in '/home/mlemsalu/object_det_3D/objectdet_ws/build/gnss_pose_estimation_node': CMAKE_PREFIX_PATH=/opt/ros/foxy /usr/bin/cmake --build /home/mlemsalu/object_det_3D/objectdet_ws/build/gnss_pose_estimation_node -- -j12 -l12
[0.061s] [35m[1mScanning dependencies of target gnss_pose_estimation_node[0m
[0.108s] [ 50%] [32mBuilding CXX object CMakeFiles/gnss_pose_estimation_node.dir/src/gnss_pose_estimation_node.cpp.o[0m
[1.659s] In file included from [01m[K/home/mlemsalu/object_det_3D/objectdet_ws/src/GNSS_pose_estimation/src/gnss_pose_estimation_node.cpp:10[m[K:
[1.659s] [01m[K/home/mlemsalu/object_det_3D/ll2enu/WGS84toCartesian.hpp:[m[K In function â€˜[01m[Kstd::array<double, 2> wgs84::toCartesian(const std::array<double, 2>&, const std::array<double, 2>&)[m[Kâ€™:
[1.659s] [01m[K/home/mlemsalu/object_det_3D/ll2enu/WGS84toCartesian.hpp:52:22:[m[K [01;35m[Kwarning: [m[Kunused variable â€˜[01m[KPOLE_RADIUS[m[Kâ€™ [[01;35m[K-Wunused-variable[m[K]
[1.659s]    52 |     constexpr double [01;35m[KPOLE_RADIUS[m[K{EQUATOR_RADIUS * SQUARE_ROOT_ONE_MINUS_ECCENTRICITY};
[1.659s]       |                      [01;35m[K^~~~~~~~~~~[m[K
[1.702s] [01m[K/home/mlemsalu/object_det_3D/objectdet_ws/src/GNSS_pose_estimation/src/gnss_pose_estimation_node.cpp:[m[K In member function â€˜[01m[Kvoid GNSSPoseEstimationNode::GNSSCallback(sensor_msgs::msg::NavSatFix_<std::allocator<void> >::SharedPtr)[m[Kâ€™:
[1.702s] [01m[K/home/mlemsalu/object_det_3D/objectdet_ws/src/GNSS_pose_estimation/src/gnss_pose_estimation_node.cpp:51:41:[m[K [01;31m[Kerror: [m[Kâ€˜[01m[Klat0[m[Kâ€™ was not declared in this scope; did you mean â€˜[01m[Klat0_[m[Kâ€™?
[1.702s]    51 |         printf("lat0 %.15f lon0 %.15f", [01;31m[Klat0[m[K, lon0);
[1.702s]       |                                         [01;31m[K^~~~[m[K
[1.702s]       |                                         [32m[Klat0_[m[K
[1.702s] [01m[K/home/mlemsalu/object_det_3D/objectdet_ws/src/GNSS_pose_estimation/src/gnss_pose_estimation_node.cpp:51:47:[m[K [01;31m[Kerror: [m[Kâ€˜[01m[Klon0[m[Kâ€™ was not declared in this scope; did you mean â€˜[01m[Klon0_[m[Kâ€™?
[1.702s]    51 |         printf("lat0 %.15f lon0 %.15f", lat0, [01;31m[Klon0[m[K);
[1.703s]       |                                               [01;31m[K^~~~[m[K
[1.703s]       |                                               [32m[Klon0_[m[K
[2.814s] make[2]: *** [CMakeFiles/gnss_pose_estimation_node.dir/build.make:63: CMakeFiles/gnss_pose_estimation_node.dir/src/gnss_pose_estimation_node.cpp.o] Error 1
[2.814s] make[1]: *** [CMakeFiles/Makefile2:78: CMakeFiles/gnss_pose_estimation_node.dir/all] Error 2
[2.814s] make: *** [Makefile:141: all] Error 2
[2.817s] Invoked command in '/home/mlemsalu/object_det_3D/objectdet_ws/build/gnss_pose_estimation_node' returned '2': CMAKE_PREFIX_PATH=/opt/ros/foxy /usr/bin/cmake --build /home/mlemsalu/object_det_3D/objectdet_ws/build/gnss_pose_estimation_node -- -j12 -l12
